<?xml version="1.0" encoding="UTF-8"?>
<!-- Generated by org.testng.reporters.JUnitXMLReporter -->
<testsuite hostname="STIPLGGNL044" ignored="0" name="Default test" tests="7" failures="0" timestamp="24 Apr 2017 10:23:15 GMT" time="387.598" errors="0">
  <testcase name="Verify_Login_in_Salesforce" time="30.493" classname="testClasses.Aria.Verifyplan_update"/>
  <testcase name="Create_New_Account" time="37.969" classname="testClasses.Aria.Verifyplan_update"/>
  <testcase name="Create_New_Opportunity" time="16.274" classname="testClasses.Aria.Verifyplan_update"/>
  <testcase name="Add_Plan_Opportunity" time="21.062" classname="testClasses.Aria.Verifyplan_update"/>
  <testcase name="Add_BillingGroups" time="10.838" classname="testClasses.Aria.Verifyplan_update"/>
  <testcase name="Plan_selection" time="78.791" classname="testClasses.Aria.Verifyplan_update"/>
  <testcase name="Swap_plan" time="166.855" classname="testClasses.Aria.Verifyplan_update"/>
</testsuite> <!-- Default test -->
